<?xml version="1.0" encoding="UTF-8"?>
<testng-results skipped="0" failed="0" ignored="0" total="1" passed="1">
  <reporter-output>
  </reporter-output>
  <suite name="Suite" duration-ms="123821" started-at="2021-03-02T13:39:23 IST" finished-at="2021-03-02T13:41:27 IST">
    <groups>
    </groups>
    <test name="Test" duration-ms="123821" started-at="2021-03-02T13:39:23 IST" finished-at="2021-03-02T13:41:27 IST">
      <class name="testNGListener.Logger.OrangrHRM_Login_Before_After_Example">
        <test-method status="PASS" signature="LaunchBrowser()[pri:0, instance:testNGListener.Logger.OrangrHRM_Login_Before_After_Example@1786dec2]" name="LaunchBrowser" is-config="true" duration-ms="1796" started-at="2021-03-02T13:39:23 IST" description="Chrome Browser Launched" finished-at="2021-03-02T13:39:25 IST">
          <reporter-output>
          </reporter-output>
        </test-method> <!-- LaunchBrowser -->
        <test-method status="PASS" signature="LoginToOrangeHRM()[pri:0, instance:testNGListener.Logger.OrangrHRM_Login_Before_After_Example@1786dec2]" name="LoginToOrangeHRM" duration-ms="121219" started-at="2021-03-02T13:39:25 IST" description="Verify-post login user land to Dashboard page" finished-at="2021-03-02T13:41:27 IST">
          <reporter-output>
          </reporter-output>
        </test-method> <!-- LoginToOrangeHRM -->
        <test-method status="PASS" signature="CloseBrowser()[pri:0, instance:testNGListener.Logger.OrangrHRM_Login_Before_After_Example@1786dec2]" name="CloseBrowser" is-config="true" duration-ms="683" started-at="2021-03-02T13:41:27 IST" description="Browser Closed Successfully" finished-at="2021-03-02T13:41:27 IST">
          <reporter-output>
          </reporter-output>
        </test-method> <!-- CloseBrowser -->
      </class> <!-- testNGListener.Logger.OrangrHRM_Login_Before_After_Example -->
    </test> <!-- Test -->
  </suite> <!-- Suite -->
</testng-results>
