<?xml version="1.0" encoding="UTF-8"?>
<!-- Generated by org.testng.reporters.JUnitXMLReporter -->
<testsuite hostname="WPU5CG0283G34L" ignored="0" name="ChromeTest" tests="3" failures="0" timestamp="2021-02-24T12:19:02 IST" time="44.658" errors="0">
  <testcase name="OrangeHRM_Login" time="25.498" classname="com.OrangeHRM.CrossBrowser_Testing"/>
  <testcase name="OrangeHRM_Login" time="7.777" classname="com.OrangeHRM.CrossBrowser_Testing"/>
  <testcase name="OrangeHRM_Login" time="8.558" classname="com.OrangeHRM.CrossBrowser_Testing"/>
</testsuite> <!-- ChromeTest -->
