<?xml version="1.0" encoding="UTF-8"?>
<!-- Generated by org.testng.reporters.JUnitXMLReporter -->
<testsuite hostname="WPU5CG0283G34L" ignored="0" name="EdgeTest" tests="3" failures="0" timestamp="2021-02-24T12:19:00 IST" time="42.817" errors="0">
  <testcase name="OrangeHRM_Login" time="23.711" classname="com.OrangeHRM.CrossBrowser_Testing"/>
  <testcase name="OrangeHRM_Login" time="8.535" classname="com.OrangeHRM.CrossBrowser_Testing"/>
  <testcase name="OrangeHRM_Login" time="7.536" classname="com.OrangeHRM.CrossBrowser_Testing"/>
</testsuite> <!-- EdgeTest -->
